<?xml version="1.0" encoding="UTF-8"?>
<beans xmlns="http://www.springframework.org/schema/beans"
       xmlns:xsi="http://www.w3.org/2001/XMLSchema-instance" xmlns:util="http://www.springframework.org/schema/util"
       xmlns:context="http://www.springframework.org/schema/context"
       xmlns:mvc="http://www.springframework.org/schema/mvc" xmlns:task="http://www.springframework.org/schema/task"
       xmlns:jee="http://www.springframework.org/schema/jee"
       xsi:schemaLocation="http://www.springframework.org/schema/beans
       http://www.springframework.org/schema/beans/spring-beans.xsd
       http://www.springframework.org/schema/util
       http://www.springframework.org/schema/util/spring-util.xsd
       http://www.springframework.org/schema/context
       http://www.springframework.org/schema/context/spring-context.xsd
       http://www.springframework.org/schema/mvc
       http://www.springframework.org/schema/mvc/spring-mvc.xsd
       http://www.springframework.org/schema/task
       http://www.springframework.org/schema/task/spring-task.xsd http://www.springframework.org/schema/jee http://www.springframework.org/schema/jee/spring-jee.xsd">
    <bean id="downloadExcelController" class="gov.nih.nci.cadsr.service.restControllers.DownloadExcelController" depends-on="getExcelDownload">
    </bean>
    <bean id="getExcelDownload" class="gov.nih.nci.cadsr.download.GetExcelDownloadTestImpl">
    </bean>
    <bean id="downloadXmlController" class="gov.nih.nci.cadsr.service.restControllers.DownloadXmlController" depends-on="getXmlDownload">
    </bean>
    <bean id="getXmlDownload" class="gov.nih.nci.cadsr.download.GetXmlDownloadTestImpl">
    </bean>
    <bean id="appConfig" class="gov.nih.nci.cadsr.common.AppConfig">
    </bean>
</beans>